<?xml version="1.0" encoding="UTF-8"?>
<!-- Generated by org.testng.reporters.JUnitXMLReporter -->
<testsuite ignored="0" hostname="DESKTOP-QJCSHIP" failures="0" tests="1" name="Test1" time="0.096" errors="0" timestamp="2024-02-29T12:59:49 IST">
  <testcase classname="TestNg_Practice.ParallelTesting" name="@BeforeTest Sett" time="-1.70919178952E9">
    <failure type="org.testng.TestNGException" message="
Parameter &amp;apos;bName&amp;apos; is required by BeforeTest on method Sett but has not been marked @Optional or defined
in C:\Users\TESTRIG\Desktop\Workspace_backup\TestNgNew\testng3.xml">
      <![CDATA[org.testng.TestNGException: 
Parameter 'bName' is required by BeforeTest on method Sett but has not been marked @Optional or defined
in C:\Users\TESTRIG\Desktop\Workspace_backup\TestNgNew\testng3.xml
... Removed 21 stack frames]]>
    </failure>
  </testcase> <!-- @BeforeTest Sett -->
  <testcase classname="TestNg_Practice.ParallelTesting" name="@AfterTest Closee" time="-1.709191789606E9">
    <skipped/>
  </testcase> <!-- @AfterTest Closee -->
  <testcase classname="TestNg_Practice.ParallelTesting" name="mainTest" time="0.0">
    <skipped/>
  </testcase> <!-- mainTest -->
</testsuite> <!-- Test1 -->
